<?xml version="1.0" encoding="UTF-8"?>
<!-- Generated by org.testng.reporters.JUnitXMLReporter -->
<testsuite ignored="2" hostname="DESKTOP-D0ACC6M" failures="0" tests="10" name="Test" time="15.956" errors="0" timestamp="2022-04-17T17:17:30 IST">
  <testcase classname="scripts.ContactUsPageScript" name="inputCaptchaCode" time="6.191"/>
  <testcase classname="scripts.ContactUsPageScript" name="inputComment" time="0.269"/>
  <testcase classname="scripts.ContactUsPageScript" name="inputEmailAddress" time="0.223"/>
  <testcase classname="scripts.ContactUsPageScript" name="inputName" time="0.167"/>
  <testcase classname="scripts.ContactUsPageScript" name="inputPhoneNumber" time="0.168"/>
  <testcase classname="scripts.BusinessValuationPresentationPageScript" name="inputCaptchaCode" time="5.395"/>
  <testcase classname="scripts.BusinessValuationPresentationPageScript" name="inputComment" time="0.091"/>
  <testcase classname="scripts.BusinessValuationPresentationPageScript" name="inputEmailAddress" time="0.131"/>
  <testcase classname="scripts.BusinessValuationPresentationPageScript" name="inputName" time="0.11"/>
  <testcase classname="scripts.BusinessValuationPresentationPageScript" name="inputPhoneNumber" time="0.11"/>
  <testcase classname="utilities.BaseClass" name="@BeforeSuite setup" time="0.0">
    <ignored/>
  </testcase> <!-- @BeforeSuite setup -->
  <testcase classname="utilities.BaseClass" name="@AfterSuite quitDriver" time="0.0">
    <ignored/>
  </testcase> <!-- @AfterSuite quitDriver -->
</testsuite> <!-- Test -->
